mode: set
github.com/irabeny89/gateman/jwt.go:41.93,44.2 2 0
github.com/irabeny89/gateman/jwt.go:46.99,49.2 2 0
github.com/irabeny89/gateman/jwt.go:51.94,54.2 2 0
github.com/irabeny89/gateman/jwt.go:56.89,59.2 2 0
github.com/irabeny89/gateman/jwt.go:61.86,64.2 2 0
github.com/irabeny89/gateman/jwt.go:66.95,69.2 2 0
github.com/irabeny89/gateman/jwt.go:71.90,74.2 2 0
github.com/irabeny89/gateman/jwt.go:82.82,84.27 2 1
github.com/irabeny89/gateman/jwt.go:84.27,86.3 1 1
github.com/irabeny89/gateman/jwt.go:87.2,87.28 1 1
github.com/irabeny89/gateman/jwt.go:87.28,89.3 1 1
github.com/irabeny89/gateman/jwt.go:90.2,90.24 1 1
github.com/irabeny89/gateman/jwt.go:90.24,92.3 1 0
github.com/irabeny89/gateman/jwt.go:93.2,101.3 1 1
github.com/irabeny89/gateman/jwt.go:115.82,120.2 1 1
github.com/irabeny89/gateman/jwt.go:170.67,173.2 2 1
github.com/irabeny89/gateman/jwt.go:183.67,184.96 1 1
github.com/irabeny89/gateman/jwt.go:184.96,186.3 1 1
github.com/irabeny89/gateman/jwt.go:187.2,187.16 1 1
github.com/irabeny89/gateman/jwt.go:187.16,189.3 1 1
github.com/irabeny89/gateman/jwt.go:190.2,190.64 1 1
github.com/irabeny89/gateman/jwt.go:190.64,192.3 1 1
github.com/irabeny89/gateman/jwt.go:193.2,193.37 1 0
github.com/irabeny89/gateman/middleware.go:34.88,35.71 1 1
github.com/irabeny89/gateman/middleware.go:35.71,39.58 4 1
github.com/irabeny89/gateman/middleware.go:39.58,40.36 1 1
github.com/irabeny89/gateman/middleware.go:40.36,41.42 1 1
github.com/irabeny89/gateman/middleware.go:41.42,43.6 1 1
github.com/irabeny89/gateman/middleware.go:45.4,45.16 1 1
github.com/irabeny89/gateman/middleware.go:47.3,47.17 1 1
github.com/irabeny89/gateman/middleware.go:47.17,51.4 3 1
github.com/irabeny89/gateman/middleware.go:52.3,52.58 1 1
github.com/irabeny89/gateman/middleware.go:52.58,56.4 3 1
github.com/irabeny89/gateman/middleware.go:58.3,59.40 2 1
github.com/irabeny89/gateman/middleware.go:76.91,77.71 1 1
github.com/irabeny89/gateman/middleware.go:77.71,78.36 1 1
github.com/irabeny89/gateman/middleware.go:78.36,85.4 2 1
github.com/irabeny89/gateman/middleware.go:86.3,86.32 1 1
github.com/irabeny89/gateman/middleware.go:86.32,89.4 2 1
github.com/irabeny89/gateman/middleware.go:90.3,106.17 4 1
github.com/irabeny89/gateman/middleware.go:106.17,109.4 2 1
github.com/irabeny89/gateman/middleware.go:110.3,111.18 2 1
github.com/irabeny89/gateman/middleware.go:111.18,114.20 3 1
github.com/irabeny89/gateman/middleware.go:114.20,115.33 1 1
github.com/irabeny89/gateman/middleware.go:115.33,116.40 1 1
github.com/irabeny89/gateman/middleware.go:116.40,119.7 2 0
github.com/irabeny89/gateman/middleware.go:120.6,121.12 2 1
github.com/irabeny89/gateman/middleware.go:123.5,124.11 2 1
github.com/irabeny89/gateman/middleware.go:127.4,133.18 2 1
github.com/irabeny89/gateman/middleware.go:133.18,136.5 2 0
github.com/irabeny89/gateman/middleware.go:137.4,137.24 1 1
github.com/irabeny89/gateman/middleware.go:138.9,140.38 2 1
github.com/irabeny89/gateman/middleware.go:140.38,143.5 2 0
github.com/irabeny89/gateman/middleware.go:144.4,144.24 1 1
github.com/irabeny89/gateman/password.go:9.35,14.2 4 0
github.com/irabeny89/gateman/password.go:17.40,19.2 1 0
github.com/irabeny89/gateman/encryption/encryption.go:24.56,26.16 2 1
github.com/irabeny89/gateman/encryption/encryption.go:26.16,28.3 1 0
github.com/irabeny89/gateman/encryption/encryption.go:30.2,31.16 2 1
github.com/irabeny89/gateman/encryption/encryption.go:31.16,33.3 1 0
github.com/irabeny89/gateman/encryption/encryption.go:35.2,36.59 2 1
github.com/irabeny89/gateman/encryption/encryption.go:36.59,38.3 1 0
github.com/irabeny89/gateman/encryption/encryption.go:40.2,40.60 1 1
github.com/irabeny89/gateman/encryption/encryption.go:56.57,58.16 2 1
github.com/irabeny89/gateman/encryption/encryption.go:58.16,60.3 1 0
github.com/irabeny89/gateman/encryption/encryption.go:62.2,63.16 2 1
github.com/irabeny89/gateman/encryption/encryption.go:63.16,65.3 1 0
github.com/irabeny89/gateman/encryption/encryption.go:67.2,68.33 2 1
github.com/irabeny89/gateman/encryption/encryption.go:68.33,70.3 1 0
github.com/irabeny89/gateman/encryption/encryption.go:72.2,73.62 2 1
